<?xml version="1.0" encoding="UTF-8"?>
<testng-results skipped="0" failed="0" ignored="0" total="1" passed="1">
  <reporter-output>
  </reporter-output>
  <suite name="Default suite" duration-ms="3782" started-at="2022-05-02T16:00:19Z" finished-at="2022-05-02T16:00:23Z">
    <groups>
    </groups>
    <test name="Default test" duration-ms="3782" started-at="2022-05-02T16:00:19Z" finished-at="2022-05-02T16:00:23Z">
      <class name="testCases.EndToEnd2">
        <test-method status="PASS" signature="entToEnd2()[pri:0, instance:testCases.EndToEnd2@5b0abc94]" name="entToEnd2" duration-ms="3761" started-at="2022-05-02T16:00:19Z" finished-at="2022-05-02T16:00:23Z">
          <reporter-output>
          </reporter-output>
        </test-method> <!-- entToEnd2 -->
      </class> <!-- testCases.EndToEnd2 -->
    </test> <!-- Default test -->
  </suite> <!-- Default suite -->
</testng-results>
